<?xml version="1.0" encoding="UTF-8"?>
<!-- Generated by org.testng.reporters.JUnitReportReporter -->
<testsuite hostname="ATMECSINLT-1311" failures="0" tests="1" name="com.web.application.automation.testscripts.DogTest" time="7.348" errors="0" timestamp="2023-04-24T18:41:00 IST" skipped="0">
  <testcase classname="com.web.application.automation.testscripts.DogTest" name="dogSearchText" time="7.348"/>
  <system-out/>
</testsuite> <!-- com.web.application.automation.testscripts.DogTest -->
