<?xml version="1.0" encoding="UTF-8"?>
<!-- Generated by org.testng.reporters.JUnitReportReporter -->
<testsuite hostname="ATMECSINLT-1311" failures="0" tests="2" name="com.web.application.automation.testscripts.BirdsTest" time="12.928" errors="0" timestamp="2023-04-25T15:10:16 IST" skipped="0">
  <testcase classname="com.web.application.automation.testscripts.BirdsTest" name="birdsSearchText" time="6.587"/>
  <system-out/>
  <testcase classname="com.web.application.automation.testscripts.BirdsTest" name="birdsSearchText" time="6.341"/>
  <system-out/>
</testsuite> <!-- com.web.application.automation.testscripts.BirdsTest -->
