<?xml version="1.0" encoding="UTF-8"?>
<!-- Generated by org.testng.reporters.JUnitReportReporter -->
<testsuite hostname="ATMECSINLT-1311" failures="0" tests="1" name="com.web.application.automation.testscripts.FishTest" time="7.265" errors="0" timestamp="2023-04-24T18:41:32 IST" skipped="0">
  <testcase classname="com.web.application.automation.testscripts.FishTest" name="fishSearchText" time="7.265"/>
  <system-out/>
</testsuite> <!-- com.web.application.automation.testscripts.FishTest -->
