<?xml version="1.0" encoding="UTF-8"?>
<!-- Generated by org.testng.reporters.JUnitReportReporter -->
<testsuite hostname="ATMECSINLT-1311" failures="0" tests="2" name="com.web.application.automation.testscripts.ReptilesTest" time="13.696" errors="0" timestamp="2023-04-25T12:24:57 IST" skipped="0">
  <testcase classname="com.web.application.automation.testscripts.ReptilesTest" name="reptilesSearchText" time="7.000"/>
  <system-out/>
  <testcase classname="com.web.application.automation.testscripts.ReptilesTest" name="reptilesSearchText" time="6.696"/>
  <system-out/>
</testsuite> <!-- com.web.application.automation.testscripts.ReptilesTest -->
