<?xml version="1.0" encoding="UTF-8"?>
<!-- Generated by org.testng.reporters.JUnitReportReporter -->
<testsuite hostname="ATMECSINLT-1311" failures="0" tests="1" name="com.web.application.automation.testscripts.CatTest" time="7.211" errors="0" timestamp="2023-04-24T18:39:43 IST" skipped="0">
  <testcase classname="com.web.application.automation.testscripts.CatTest" name="catSearchText" time="7.211"/>
  <system-out/>
</testsuite> <!-- com.web.application.automation.testscripts.CatTest -->
