<?xml version="1.0" encoding="UTF-8"?>
<!-- Generated by org.testng.reporters.JUnitReportReporter -->
<testsuite hostname="ATMECSINLT-1311" failures="0" tests="1" name="com.web.automation.automation.page.Basepage" time="10.165" errors="0" timestamp="2023-04-21T11:47:20 IST" skipped="0">
  <testcase classname="com.web.automation.automation.page.Basepage" name="homepage" time="10.165"/>
  <system-out/>
</testsuite> <!-- com.web.automation.automation.page.Basepage -->
