<?xml version="1.0" encoding="UTF-8"?>
<!-- Generated by org.testng.reporters.JUnitReportReporter -->
<testsuite hostname="ATMECSINLT-1311" failures="0" tests="1" name="com.web.application.automation.testscripts.BirdsTest" time="7.297" errors="0" timestamp="2023-04-24T18:39:13 IST" skipped="0">
  <testcase classname="com.web.application.automation.testscripts.BirdsTest" name="birdsSearchText" time="7.297"/>
  <system-out/>
</testsuite> <!-- com.web.application.automation.testscripts.BirdsTest -->
