<?xml version="1.0" encoding="UTF-8"?>
<!-- Generated by org.testng.reporters.JUnitReportReporter -->
<testsuite hostname="ATMECSINLT-1311" failures="0" tests="2" name="com.web.application.automation.testscripts.FishTest" time="13.668" errors="0" timestamp="2023-04-25T12:27:16 IST" skipped="0">
  <testcase classname="com.web.application.automation.testscripts.FishTest" name="fishSearchText" time="7.026"/>
  <system-out/>
  <testcase classname="com.web.application.automation.testscripts.FishTest" name="fishSearchText" time="6.642"/>
  <system-out/>
</testsuite> <!-- com.web.application.automation.testscripts.FishTest -->
