<?xml version="1.0" encoding="UTF-8"?>
<!-- Generated by org.testng.reporters.JUnitReportReporter -->
<testsuite hostname="ATMECSINLT-1311" failures="0" tests="6" name="com.web.application.automation.testscripts.CatTest" time="40.517" errors="0" timestamp="2023-04-25T12:27:16 IST" skipped="0">
  <testcase classname="com.web.application.automation.testscripts.CatTest" name="catSearchText" time="6.734"/>
  <system-out/>
  <testcase classname="com.web.application.automation.testscripts.CatTest" name="catSearchText" time="6.493"/>
  <system-out/>
  <testcase classname="com.web.application.automation.testscripts.CatTest" name="catSearchText" time="6.886"/>
  <system-out/>
  <testcase classname="com.web.application.automation.testscripts.CatTest" name="catSearchText" time="6.691"/>
  <system-out/>
  <testcase classname="com.web.application.automation.testscripts.CatTest" name="catSearchText" time="6.834"/>
  <system-out/>
  <testcase classname="com.web.application.automation.testscripts.CatTest" name="catSearchText" time="6.879"/>
  <system-out/>
</testsuite> <!-- com.web.application.automation.testscripts.CatTest -->
