<?xml version="1.0" encoding="UTF-8"?>
<!-- Generated by org.testng.reporters.JUnitReportReporter -->
<testsuite hostname="ATMECSINLT-1311" failures="0" tests="4" name="com.web.application.automation.testscripts.BirdsTest" time="27.669" errors="0" timestamp="2023-04-25T12:27:16 IST" skipped="0">
  <testcase classname="com.web.application.automation.testscripts.BirdsTest" name="birdsSearchText" time="6.894"/>
  <system-out/>
  <testcase classname="com.web.application.automation.testscripts.BirdsTest" name="birdsSearchText" time="6.847"/>
  <system-out/>
  <testcase classname="com.web.application.automation.testscripts.BirdsTest" name="birdsSearchText" time="7.168"/>
  <system-out/>
  <testcase classname="com.web.application.automation.testscripts.BirdsTest" name="birdsSearchText" time="6.760"/>
  <system-out/>
</testsuite> <!-- com.web.application.automation.testscripts.BirdsTest -->
