<?xml version="1.0" encoding="UTF-8"?>
<!-- Generated by org.testng.reporters.JUnitReportReporter -->
<testsuite hostname="ATMECSINLT-1311" failures="0" tests="2" name="com.web.application.automation.testscripts.DogTest" time="13.431" errors="0" timestamp="2023-04-25T12:27:16 IST" skipped="0">
  <testcase classname="com.web.application.automation.testscripts.DogTest" name="dogSearchText" time="6.562"/>
  <system-out/>
  <testcase classname="com.web.application.automation.testscripts.DogTest" name="dogSearchText" time="6.869"/>
  <system-out/>
</testsuite> <!-- com.web.application.automation.testscripts.DogTest -->
